# JRE version: OpenJDK Runtime Environment (7.0_95) (build 1.7.0_95-b00)
# Java VM: OpenJDK 64-Bit Server VM (24.95-b01 mixed mode linux-amd64 compressed oops)
Heap
 def new generation   total 28480K, used 0K [0x00000000e6400000, 0x00000000e82e0000, 0x00000000eb600000)
  eden space 25344K,   0% used [0x00000000e6400000, 0x00000000e6400000, 0x00000000e7cc0000)
  from space 3136K,   0% used [0x00000000e7fd0000, 0x00000000e7fd0000, 0x00000000e82e0000)
  to   space 3136K,   0% used [0x00000000e7cc0000, 0x00000000e7cc0000, 0x00000000e7fd0000)
 tenured generation   total 63144K, used 52658K [0x00000000eb600000, 0x00000000ef3aa000, 0x00000000f5a00000)
   the space 63144K,  83% used [0x00000000eb600000, 0x00000000ee96c9f0, 0x00000000ee96ca00, 0x00000000ef3aa000)
 compacting perm gen  total 40704K, used 40703K [0x00000000f5a00000, 0x00000000f81c0000, 0x0000000100000000)
   the space 40704K,  99% used [0x00000000f5a00000, 0x00000000f81bffd0, 0x00000000f81c0000, 0x00000000f81c0000)
GC Heap History (10 events):
Event: 26.561 GC heap after
Heap after GC invocations=51 (full 8):
 def new generation   total 28480K, used 3136K [0x00000000e6400000, 0x00000000e82e0000, 0x00000000eb600000)
  eden space 25344K,   0% used [0x00000000e6400000, 0x00000000e6400000, 0x00000000e7cc0000)
  from space 3136K, 100% used [0x00000000e7fd0000, 0x00000000e82e0000, 0x00000000e82e0000)
  to   space 3136K,   0% used [0x00000000e7cc0000, 0x00000000e7cc0000, 0x00000000e7fd0000)
 tenured generation   total 63144K, used 40857K [0x00000000eb600000, 0x00000000ef3aa000, 0x00000000f5a00000)
   the space 63144K,  64% used [0x00000000eb600000, 0x00000000edde6538, 0x00000000edde6600, 0x00000000ef3aa000)
 compacting perm gen  total 36224K, used 36139K [0x00000000f5a00000, 0x00000000f7d60000, 0x0000000100000000)
   the space 36224K,  99% used [0x00000000f5a00000, 0x00000000f7d4af18, 0x00000000f7d4b000, 0x00000000f7d60000)
No shared spaces configured.
}
Event: 31.540 GC heap before
{Heap before GC invocations=51 (full 8):
 def new generation   total 28480K, used 28480K [0x00000000e6400000, 0x00000000e82e0000, 0x00000000eb600000)
  eden space 25344K, 100% used [0x00000000e6400000, 0x00000000e7cc0000, 0x00000000e7cc0000)
  from space 3136K, 100% used [0x00000000e7fd0000, 0x00000000e82e0000, 0x00000000e82e0000)
  to   space 3136K,   0% used [0x00000000e7cc0000, 0x00000000e7cc0000, 0x00000000e7fd0000)
 tenured generation   total 63144K, used 40857K [0x00000000eb600000, 0x00000000ef3aa000, 0x00000000f5a00000)
   the space 63144K,  64% used [0x00000000eb600000, 0x00000000edde6538, 0x00000000edde6600, 0x00000000ef3aa000)
 compacting perm gen  total 36544K, used 36495K [0x00000000f5a00000, 0x00000000f7db0000, 0x0000000100000000)
   the space 36544K,  99% used [0x00000000f5a00000, 0x00000000f7da3ce0, 0x00000000f7da3e00, 0x00000000f7db0000)
No shared spaces configured.
Event: 31.701 GC heap after
Heap after GC invocations=52 (full 8):
 def new generation   total 28480K, used 3135K [0x00000000e6400000, 0x00000000e82e0000, 0x00000000eb600000)
  eden space 25344K,   0% used [0x00000000e6400000, 0x00000000e6400000, 0x00000000e7cc0000)
  from space 3136K,  99% used [0x00000000e7cc0000, 0x00000000e7fcfff8, 0x00000000e7fd0000)
  to   space 3136K,   0% used [0x00000000e7fd0000, 0x00000000e7fd0000, 0x00000000e82e0000)
 tenured generation   total 63144K, used 48095K [0x00000000eb600000, 0x00000000ef3aa000, 0x00000000f5a00000)
   the space 63144K,  76% used [0x00000000eb600000, 0x00000000ee4f7d60, 0x00000000ee4f7e00, 0x00000000ef3aa000)
 compacting perm gen  total 36544K, used 36495K [0x00000000f5a00000, 0x00000000f7db0000, 0x0000000100000000)
   the space 36544K,  99% used [0x00000000f5a00000, 0x00000000f7da3ce0, 0x00000000f7da3e00, 0x00000000f7db0000)
No shared spaces configured.
}
Event: 38.297 GC heap before
{Heap before GC invocations=52 (full 8):
 def new generation   total 28480K, used 28479K [0x00000000e6400000, 0x00000000e82e0000, 0x00000000eb600000)
  eden space 25344K, 100% used [0x00000000e6400000, 0x00000000e7cc0000, 0x00000000e7cc0000)
  from space 3136K,  99% used [0x00000000e7cc0000, 0x00000000e7fcfff8, 0x00000000e7fd0000)
  to   space 3136K,   0% used [0x00000000e7fd0000, 0x00000000e7fd0000, 0x00000000e82e0000)
 tenured generation   total 63144K, used 48095K [0x00000000eb600000, 0x00000000ef3aa000, 0x00000000f5a00000)
   the space 63144K,  76% used [0x00000000eb600000, 0x00000000ee4f7d60, 0x00000000ee4f7e00, 0x00000000ef3aa000)
 compacting perm gen  total 37824K, used 37636K [0x00000000f5a00000, 0x00000000f7ef0000, 0x0000000100000000)
   the space 37824K,  99% used [0x00000000f5a00000, 0x00000000f7ec12f0, 0x00000000f7ec1400, 0x00000000f7ef0000)
No shared spaces configured.
Event: 38.343 GC heap after
Heap after GC invocations=53 (full 8):
 def new generation   total 28480K, used 3135K [0x00000000e6400000, 0x00000000e82e0000, 0x00000000eb600000)
  eden space 25344K,   0% used [0x00000000e6400000, 0x00000000e6400000, 0x00000000e7cc0000)
  from space 3136K,  99% used [0x00000000e7fd0000, 0x00000000e82dfff8, 0x00000000e82e0000)
  to   space 3136K,   0% used [0x00000000e7cc0000, 0x00000000e7cc0000, 0x00000000e7fd0000)
 tenured generation   total 63144K, used 52239K [0x00000000eb600000, 0x00000000ef3aa000, 0x00000000f5a00000)
   the space 63144K,  82% used [0x00000000eb600000, 0x00000000ee903c18, 0x00000000ee903e00, 0x00000000ef3aa000)
 compacting perm gen  total 37824K, used 37636K [0x00000000f5a00000, 0x00000000f7ef0000, 0x0000000100000000)
   the space 37824K,  99% used [0x00000000f5a00000, 0x00000000f7ec12f0, 0x00000000f7ec1400, 0x00000000f7ef0000)
No shared spaces configured.
}
Event: 43.108 GC heap before
{Heap before GC invocations=53 (full 8):
 def new generation   total 28480K, used 28479K [0x00000000e6400000, 0x00000000e82e0000, 0x00000000eb600000)
  eden space 25344K, 100% used [0x00000000e6400000, 0x00000000e7cc0000, 0x00000000e7cc0000)
  from space 3136K,  99% used [0x00000000e7fd0000, 0x00000000e82dfff8, 0x00000000e82e0000)
  to   space 3136K,   0% used [0x00000000e7cc0000, 0x00000000e7cc0000, 0x00000000e7fd0000)
 tenured generation   total 63144K, used 52239K [0x00000000eb600000, 0x00000000ef3aa000, 0x00000000f5a00000)
   the space 63144K,  82% used [0x00000000eb600000, 0x00000000ee903c18, 0x00000000ee903e00, 0x00000000ef3aa000)
 compacting perm gen  total 39424K, used 39273K [0x00000000f5a00000, 0x00000000f8080000, 0x0000000100000000)
   the space 39424K,  99% used [0x00000000f5a00000, 0x00000000f805a7a0, 0x00000000f805a800, 0x00000000f8080000)
No shared spaces configured.
Event: 43.152 GC heap after
Heap after GC invocations=54 (full 8):
 def new generation   total 28480K, used 3029K [0x00000000e6400000, 0x00000000e82e0000, 0x00000000eb600000)
  eden space 25344K,   0% used [0x00000000e6400000, 0x00000000e6400000, 0x00000000e7cc0000)
  from space 3136K,  96% used [0x00000000e7cc0000, 0x00000000e7fb55d0, 0x00000000e7fd0000)
  to   space 3136K,   0% used [0x00000000e7fd0000, 0x00000000e7fd0000, 0x00000000e82e0000)
 tenured generation   total 63144K, used 55107K [0x00000000eb600000, 0x00000000ef3aa000, 0x00000000f5a00000)
   the space 63144K,  87% used [0x00000000eb600000, 0x00000000eebd0df0, 0x00000000eebd0e00, 0x00000000ef3aa000)
 compacting perm gen  total 39424K, used 39273K [0x00000000f5a00000, 0x00000000f8080000, 0x0000000100000000)
   the space 39424K,  99% used [0x00000000f5a00000, 0x00000000f805a7a0, 0x00000000f805a800, 0x00000000f8080000)
No shared spaces configured.
}
Event: 50.990 GC heap before
{Heap before GC invocations=54 (full 8):
 def new generation   total 28480K, used 28373K [0x00000000e6400000, 0x00000000e82e0000, 0x00000000eb600000)
  eden space 25344K, 100% used [0x00000000e6400000, 0x00000000e7cc0000, 0x00000000e7cc0000)
  from space 3136K,  96% used [0x00000000e7cc0000, 0x00000000e7fb55d0, 0x00000000e7fd0000)
  to   space 3136K,   0% used [0x00000000e7fd0000, 0x00000000e7fd0000, 0x00000000e82e0000)
 tenured generation   total 63144K, used 55107K [0x00000000eb600000, 0x00000000ef3aa000, 0x00000000f5a00000)
   the space 63144K,  87% used [0x00000000eb600000, 0x00000000eebd0df0, 0x00000000eebd0e00, 0x00000000ef3aa000)
 compacting perm gen  total 40704K, used 40422K [0x00000000f5a00000, 0x00000000f81c0000, 0x0000000100000000)
   the space 40704K,  99% used [0x00000000f5a00000, 0x00000000f8179838, 0x00000000f8179a00, 0x00000000f81c0000)
No shared spaces configured.
Event: 51.066 GC heap after
Heap after GC invocations=55 (full 8):
 def new generation   total 28480K, used 2970K [0x00000000e6400000, 0x00000000e82e0000, 0x00000000eb600000)
  eden space 25344K,   0% used [0x00000000e6400000, 0x00000000e6400000, 0x00000000e7cc0000)
  from space 3136K,  94% used [0x00000000e7fd0000, 0x00000000e82b68a0, 0x00000000e82e0000)
  to   space 3136K,   0% used [0x00000000e7cc0000, 0x00000000e7cc0000, 0x00000000e7fd0000)
 tenured generation   total 63144K, used 56406K [0x00000000eb600000, 0x00000000ef3aa000, 0x00000000f5a00000)
   the space 63144K,  89% used [0x00000000eb600000, 0x00000000eed15bd0, 0x00000000eed15c00, 0x00000000ef3aa000)
 compacting perm gen  total 40704K, used 40422K [0x00000000f5a00000, 0x00000000f81c0000, 0x0000000100000000)
   the space 40704K,  99% used [0x00000000f5a00000, 0x00000000f8179838, 0x00000000f8179a00, 0x00000000f81c0000)
No shared spaces configured.
}
Event: 55.477 GC heap before
{Heap before GC invocations=55 (full 8):
 def new generation   total 28480K, used 11432K [0x00000000e6400000, 0x00000000e82e0000, 0x00000000eb600000)
  eden space 25344K,  33% used [0x00000000e6400000, 0x00000000e6c43b50, 0x00000000e7cc0000)
  from space 3136K,  94% used [0x00000000e7fd0000, 0x00000000e82b68a0, 0x00000000e82e0000)
  to   space 3136K,   0% used [0x00000000e7cc0000, 0x00000000e7cc0000, 0x00000000e7fd0000)
 tenured generation   total 63144K, used 56406K [0x00000000eb600000, 0x00000000ef3aa000, 0x00000000f5a00000)
   the space 63144K,  89% used [0x00000000eb600000, 0x00000000eed15bd0, 0x00000000eed15c00, 0x00000000ef3aa000)
 compacting perm gen  total 40704K, used 40703K [0x00000000f5a00000, 0x00000000f81c0000, 0x0000000100000000)
   the space 40704K,  99% used [0x00000000f5a00000, 0x00000000f81bffd0, 0x00000000f81c0000, 0x00000000f81c0000)
No shared spaces configured.

